<?xml version="1.0" encoding="UTF-8"?>
<testng-results ignored="0" total="9" passed="9" failed="0" skipped="0">
  <reporter-output>
  </reporter-output>
  <suite started-at="2024-09-06T03:57:50 GMT" name="vendor-portal" finished-at="2024-09-06T03:58:06 GMT" duration-ms="16542">
    <groups>
    </groups>
    <test started-at="2024-09-06T03:57:50 GMT" name="user-mike" finished-at="2024-09-06T03:58:00 GMT" duration-ms="10444">
      <class name="com_178karthik.tests.vendorportal.VendorPortalTest">
        <test-method is-config="true" signature="setDriver(org.testng.ITestContext)[pri:0, instance:com_178karthik.tests.vendorportal.VendorPortalTest@198d6542]" started-at="2024-09-06T03:57:50 GMT" name="setDriver" finished-at="2024-09-06T03:57:53 GMT" duration-ms="3078" status="PASS">
          <params>
            <param index="0">
              <value>
                <![CDATA[org.testng.TestRunner@67545b57]]>
              </value>
            </param>
          </params>
          <reporter-output>
          </reporter-output>
        </test-method> <!-- setDriver -->
        <test-method is-config="true" signature="setPageObjects(java.lang.String)[pri:0, instance:com_178karthik.tests.vendorportal.VendorPortalTest@198d6542]" started-at="2024-09-06T03:57:53 GMT" name="setPageObjects" finished-at="2024-09-06T03:57:53 GMT" depends-on-methods="com_178karthik.tests.AbstractTest.setDriver" duration-ms="500" status="PASS">
          <params>
            <param index="0">
              <value>
                <![CDATA[test-data/vendor-portal/mike.json]]>
              </value>
            </param>
          </params>
          <reporter-output>
          </reporter-output>
        </test-method> <!-- setPageObjects -->
        <test-method signature="loginTest()[pri:0, instance:com_178karthik.tests.vendorportal.VendorPortalTest@198d6542]" started-at="2024-09-06T03:57:53 GMT" name="loginTest" finished-at="2024-09-06T03:57:55 GMT" duration-ms="1922" status="PASS">
          <reporter-output>
          </reporter-output>
        </test-method> <!-- loginTest -->
        <test-method signature="dashboardTest()[pri:0, instance:com_178karthik.tests.vendorportal.VendorPortalTest@198d6542]" started-at="2024-09-06T03:57:55 GMT" name="dashboardTest" finished-at="2024-09-06T03:57:58 GMT" depends-on-methods="com_178karthik.tests.vendorportal.VendorPortalTest.loginTest" duration-ms="3231" status="PASS">
          <reporter-output>
          </reporter-output>
        </test-method> <!-- dashboardTest -->
        <test-method signature="logoutTest()[pri:0, instance:com_178karthik.tests.vendorportal.VendorPortalTest@198d6542]" started-at="2024-09-06T03:57:58 GMT" name="logoutTest" finished-at="2024-09-06T03:58:00 GMT" depends-on-methods="com_178karthik.tests.vendorportal.VendorPortalTest.dashboardTest" duration-ms="1577" status="PASS">
          <reporter-output>
          </reporter-output>
        </test-method> <!-- logoutTest -->
        <test-method is-config="true" signature="quitDriver()[pri:0, instance:com_178karthik.tests.vendorportal.VendorPortalTest@198d6542]" started-at="2024-09-06T03:58:00 GMT" name="quitDriver" finished-at="2024-09-06T03:58:00 GMT" duration-ms="82" status="PASS">
          <reporter-output>
          </reporter-output>
        </test-method> <!-- quitDriver -->
      </class> <!-- com_178karthik.tests.vendorportal.VendorPortalTest -->
    </test> <!-- user-mike -->
    <test started-at="2024-09-06T03:57:50 GMT" name="user-sam" finished-at="2024-09-06T03:58:01 GMT" duration-ms="11503">
      <class name="com_178karthik.tests.vendorportal.VendorPortalTest">
        <test-method is-config="true" signature="setDriver(org.testng.ITestContext)[pri:0, instance:com_178karthik.tests.vendorportal.VendorPortalTest@2b9ed6da]" started-at="2024-09-06T03:57:50 GMT" name="setDriver" finished-at="2024-09-06T03:57:53 GMT" duration-ms="3079" status="PASS">
          <params>
            <param index="0">
              <value>
                <![CDATA[org.testng.TestRunner@7582ff54]]>
              </value>
            </param>
          </params>
          <reporter-output>
          </reporter-output>
        </test-method> <!-- setDriver -->
        <test-method is-config="true" signature="setPageObjects(java.lang.String)[pri:0, instance:com_178karthik.tests.vendorportal.VendorPortalTest@2b9ed6da]" started-at="2024-09-06T03:57:53 GMT" name="setPageObjects" finished-at="2024-09-06T03:57:53 GMT" depends-on-methods="com_178karthik.tests.AbstractTest.setDriver" duration-ms="500" status="PASS">
          <params>
            <param index="0">
              <value>
                <![CDATA[test-data/vendor-portal/sam.json]]>
              </value>
            </param>
          </params>
          <reporter-output>
          </reporter-output>
        </test-method> <!-- setPageObjects -->
        <test-method signature="loginTest()[pri:0, instance:com_178karthik.tests.vendorportal.VendorPortalTest@2b9ed6da]" started-at="2024-09-06T03:57:53 GMT" name="loginTest" finished-at="2024-09-06T03:57:55 GMT" duration-ms="1923" status="PASS">
          <reporter-output>
          </reporter-output>
        </test-method> <!-- loginTest -->
        <test-method signature="dashboardTest()[pri:0, instance:com_178karthik.tests.vendorportal.VendorPortalTest@2b9ed6da]" started-at="2024-09-06T03:57:55 GMT" name="dashboardTest" finished-at="2024-09-06T03:57:59 GMT" depends-on-methods="com_178karthik.tests.vendorportal.VendorPortalTest.loginTest" duration-ms="4220" status="PASS">
          <reporter-output>
          </reporter-output>
        </test-method> <!-- dashboardTest -->
        <test-method signature="logoutTest()[pri:0, instance:com_178karthik.tests.vendorportal.VendorPortalTest@2b9ed6da]" started-at="2024-09-06T03:57:59 GMT" name="logoutTest" finished-at="2024-09-06T03:58:01 GMT" depends-on-methods="com_178karthik.tests.vendorportal.VendorPortalTest.dashboardTest" duration-ms="1650" status="PASS">
          <reporter-output>
          </reporter-output>
        </test-method> <!-- logoutTest -->
        <test-method is-config="true" signature="quitDriver()[pri:0, instance:com_178karthik.tests.vendorportal.VendorPortalTest@2b9ed6da]" started-at="2024-09-06T03:58:01 GMT" name="quitDriver" finished-at="2024-09-06T03:58:01 GMT" duration-ms="79" status="PASS">
          <reporter-output>
          </reporter-output>
        </test-method> <!-- quitDriver -->
      </class> <!-- com_178karthik.tests.vendorportal.VendorPortalTest -->
    </test> <!-- user-sam -->
    <test started-at="2024-09-06T03:58:00 GMT" name="user-john" finished-at="2024-09-06T03:58:06 GMT" duration-ms="6032">
      <class name="com_178karthik.tests.vendorportal.VendorPortalTest">
        <test-method is-config="true" signature="setupConfig()[pri:0, instance:com_178karthik.tests.vendorportal.VendorPortalTest@5117dd67]" started-at="2024-09-06T03:57:50 GMT" name="setupConfig" finished-at="2024-09-06T03:57:50 GMT" duration-ms="27" status="PASS">
          <reporter-output>
          </reporter-output>
        </test-method> <!-- setupConfig -->
        <test-method is-config="true" signature="setDriver(org.testng.ITestContext)[pri:0, instance:com_178karthik.tests.vendorportal.VendorPortalTest@5117dd67]" started-at="2024-09-06T03:58:00 GMT" name="setDriver" finished-at="2024-09-06T03:58:01 GMT" duration-ms="380" status="PASS">
          <params>
            <param index="0">
              <value>
                <![CDATA[org.testng.TestRunner@6c2c1385]]>
              </value>
            </param>
          </params>
          <reporter-output>
          </reporter-output>
        </test-method> <!-- setDriver -->
        <test-method is-config="true" signature="setPageObjects(java.lang.String)[pri:0, instance:com_178karthik.tests.vendorportal.VendorPortalTest@5117dd67]" started-at="2024-09-06T03:58:01 GMT" name="setPageObjects" finished-at="2024-09-06T03:58:01 GMT" depends-on-methods="com_178karthik.tests.AbstractTest.setDriver" duration-ms="45" status="PASS">
          <params>
            <param index="0">
              <value>
                <![CDATA[test-data/vendor-portal/john.json]]>
              </value>
            </param>
          </params>
          <reporter-output>
          </reporter-output>
        </test-method> <!-- setPageObjects -->
        <test-method signature="loginTest()[pri:0, instance:com_178karthik.tests.vendorportal.VendorPortalTest@5117dd67]" started-at="2024-09-06T03:58:01 GMT" name="loginTest" finished-at="2024-09-06T03:58:01 GMT" duration-ms="925" status="PASS">
          <reporter-output>
          </reporter-output>
        </test-method> <!-- loginTest -->
        <test-method signature="dashboardTest()[pri:0, instance:com_178karthik.tests.vendorportal.VendorPortalTest@5117dd67]" started-at="2024-09-06T03:58:01 GMT" name="dashboardTest" finished-at="2024-09-06T03:58:05 GMT" depends-on-methods="com_178karthik.tests.vendorportal.VendorPortalTest.loginTest" duration-ms="3083" status="PASS">
          <reporter-output>
          </reporter-output>
        </test-method> <!-- dashboardTest -->
        <test-method signature="logoutTest()[pri:0, instance:com_178karthik.tests.vendorportal.VendorPortalTest@5117dd67]" started-at="2024-09-06T03:58:05 GMT" name="logoutTest" finished-at="2024-09-06T03:58:06 GMT" depends-on-methods="com_178karthik.tests.vendorportal.VendorPortalTest.dashboardTest" duration-ms="1511" status="PASS">
          <reporter-output>
          </reporter-output>
        </test-method> <!-- logoutTest -->
        <test-method is-config="true" signature="quitDriver()[pri:0, instance:com_178karthik.tests.vendorportal.VendorPortalTest@5117dd67]" started-at="2024-09-06T03:58:06 GMT" name="quitDriver" finished-at="2024-09-06T03:58:06 GMT" duration-ms="85" status="PASS">
          <reporter-output>
          </reporter-output>
        </test-method> <!-- quitDriver -->
      </class> <!-- com_178karthik.tests.vendorportal.VendorPortalTest -->
    </test> <!-- user-john -->
  </suite> <!-- vendor-portal -->
</testng-results>
